<html>
<body>
<pre>
<h1>µVision Build Log</h1>
<h2>Tool Versions:</h2>
IDE-Version: ¦ÌVision V5.23.0.0
Copyright (C) 2017 ARM Ltd and ARM Germany GmbH. All rights reserved.
License Information: Jack Mo, WHU, LIC=47GNN-YR275-EUN4R-KLIRK-AXNRH-X3U8E
 
Tool Versions:
Toolchain:       MDK-ARM Plus  Version: 5.23
Toolchain Path:  D:\Program Files (x86)\Keil_v5\ARM\ARMCC\Bin
C Compiler:      Armcc.exe V5.06 update 4 (build 422)
Assembler:       Armasm.exe V5.06 update 4 (build 422)
Linker/Locator:  ArmLink.exe V5.06 update 4 (build 422)
Library Manager: ArmAr.exe V5.06 update 4 (build 422)
Hex Converter:   FromElf.exe V5.06 update 4 (build 422)
CPU DLL:         SARMCM3.DLL V5.23
Dialog DLL:      DCM.DLL V1.15.0.0
Target DLL:      STLink\ST-LINKIII-KEIL_SWO.dll V2.0.18.0
Dialog DLL:      TCM.DLL V1.27.0.0
 
<h2>Project:</h2>
E:\workspace\keil\kylinbot\prj\keil\kylinbot.uvprojx
Project File Date:  02/28/2017

<h2>Output:</h2>
*** Using Compiler 'V5.06 update 4 (build 422)', folder: 'D:\Program Files (x86)\Keil_v5\ARM\ARMCC\Bin'
Build target 'kylinbot'
compiling wsm.c...
..\..\app\src\wsm.c(49): error:  #20: identifier "CFG_FLAG_SAVE" is undefined
  		} else if (!Cfg_GetFlag(CFG_FLAG_SAVE)) {
..\..\app\src\wsm.c(58): error:  #20: identifier "CFG_FLAG_SAVE" is undefined
  		} else if (Cfg_GetFlag(CFG_FLAG_SAVE)) {
..\..\app\src\wsm.c: 0 warnings, 2 errors
compiling main.c...
..\..\drv\inc\zgyro.h(40): warning:  #1-D: last line of file ends without a newline
  	
..\..\usr\src\main.c(88): warning:  #223-D: function "IOS_Init" declared implicitly
  	IOS_Init();
..\..\usr\src\main.c(95): error:  #109: expression preceding parentheses of apparent call must have (pointer-to-) function type
  		if (
ICK_US() % 5000 == 0)
..\..\usr\src\main.c(98): warning:  #223-D: function "print_est" declared implicitly
  			print_est();
..\..\usr\src\main.c: 3 warnings, 1 error
".\Objects\kylinbot.axf" - 3 Error(s), 3 Warning(s).

<h2>Collection of Component include folders:</h2>
  .\RTE\_kylinbot
  D:\Program Files (x86)\Keil_v5\ARM\PACK\Keil\STM32F4xx_DFP\2.11.0\Drivers\CMSIS\Device\ST\STM32F4xx\Include

<h2>Collection of Component Files used:</h2>
Target not created.
Build Time Elapsed:  00:00:02
</pre>
</body>
</html>
